{"/Users/MarissaShieh/Desktop/Hack Reactor/FEC/reviews_module/client/components/App.jsx": {"path":"/Users/MarissaShieh/Desktop/Hack Reactor/FEC/reviews_module/client/components/App.jsx","statementMap":{"0":{"start":{"line":13,"column":4},"end":{"line":13,"column":17}},"1":{"start":{"line":14,"column":4},"end":{"line":31,"column":6}},"2":{"start":{"line":32,"column":4},"end":{"line":32,"column":53}},"3":{"start":{"line":33,"column":4},"end":{"line":33,"column":53}},"4":{"start":{"line":34,"column":4},"end":{"line":34,"column":43}},"5":{"start":{"line":38,"column":31},"end":{"line":38,"column":41}},"6":{"start":{"line":39,"column":20},"end":{"line":39,"column":66}},"7":{"start":{"line":40,"column":25},"end":{"line":40,"column":55}},"8":{"start":{"line":41,"column":4},"end":{"line":43,"column":5}},"9":{"start":{"line":42,"column":6},"end":{"line":42,"column":31}},"10":{"start":{"line":44,"column":4},"end":{"line":55,"column":9}},"11":{"start":{"line":46,"column":8},"end":{"line":51,"column":11}},"12":{"start":{"line":54,"column":8},"end":{"line":54,"column":63}},"13":{"start":{"line":59,"column":4},"end":{"line":63,"column":7}},"14":{"start":{"line":67,"column":43},"end":{"line":67,"column":53}},"15":{"start":{"line":68,"column":4},"end":{"line":68,"column":36}},"16":{"start":{"line":69,"column":4},"end":{"line":74,"column":7}},"17":{"start":{"line":78,"column":4},"end":{"line":80,"column":7}},"18":{"start":{"line":84,"column":116},"end":{"line":84,"column":126}},"19":{"start":{"line":86,"column":4},"end":{"line":90,"column":5}},"20":{"start":{"line":87,"column":6},"end":{"line":87,"column":111}},"21":{"start":{"line":89,"column":6},"end":{"line":89,"column":129}},"22":{"start":{"line":92,"column":4},"end":{"line":104,"column":6}}},"fnMap":{"0":{"name":"(anonymous_0)","decl":{"start":{"line":12,"column":2},"end":{"line":12,"column":3}},"loc":{"start":{"line":12,"column":21},"end":{"line":35,"column":3}},"line":12},"1":{"name":"(anonymous_1)","decl":{"start":{"line":37,"column":2},"end":{"line":37,"column":3}},"loc":{"start":{"line":37,"column":22},"end":{"line":56,"column":3}},"line":37},"2":{"name":"(anonymous_2)","decl":{"start":{"line":45,"column":12},"end":{"line":45,"column":13}},"loc":{"start":{"line":45,"column":29},"end":{"line":52,"column":7}},"line":45},"3":{"name":"(anonymous_3)","decl":{"start":{"line":53,"column":13},"end":{"line":53,"column":14}},"loc":{"start":{"line":53,"column":19},"end":{"line":55,"column":7}},"line":53},"4":{"name":"(anonymous_4)","decl":{"start":{"line":58,"column":2},"end":{"line":58,"column":3}},"loc":{"start":{"line":58,"column":35},"end":{"line":64,"column":3}},"line":58},"5":{"name":"(anonymous_5)","decl":{"start":{"line":66,"column":2},"end":{"line":66,"column":3}},"loc":{"start":{"line":66,"column":36},"end":{"line":75,"column":3}},"line":66},"6":{"name":"(anonymous_6)","decl":{"start":{"line":77,"column":2},"end":{"line":77,"column":3}},"loc":{"start":{"line":77,"column":19},"end":{"line":81,"column":3}},"line":77},"7":{"name":"(anonymous_7)","decl":{"start":{"line":83,"column":2},"end":{"line":83,"column":3}},"loc":{"start":{"line":83,"column":11},"end":{"line":105,"column":3}},"line":83}},"branchMap":{"0":{"loc":{"start":{"line":41,"column":4},"end":{"line":43,"column":5}},"type":"if","locations":[{"start":{"line":41,"column":4},"end":{"line":43,"column":5}},{"start":{"line":41,"column":4},"end":{"line":43,"column":5}}],"line":41},"1":{"loc":{"start":{"line":41,"column":8},"end":{"line":41,"column":36}},"type":"binary-expr","locations":[{"start":{"line":41,"column":8},"end":{"line":41,"column":19}},{"start":{"line":41,"column":23},"end":{"line":41,"column":36}}],"line":41},"2":{"loc":{"start":{"line":68,"column":14},"end":{"line":68,"column":35}},"type":"binary-expr","locations":[{"start":{"line":68,"column":14},"end":{"line":68,"column":21}},{"start":{"line":68,"column":25},"end":{"line":68,"column":35}}],"line":68},"3":{"loc":{"start":{"line":86,"column":4},"end":{"line":90,"column":5}},"type":"if","locations":[{"start":{"line":86,"column":4},"end":{"line":90,"column":5}},{"start":{"line":86,"column":4},"end":{"line":90,"column":5}}],"line":86}},"s":{"0":2,"1":2,"2":2,"3":2,"4":2,"5":2,"6":2,"7":0,"8":0,"9":0,"10":0,"11":0,"12":0,"13":0,"14":0,"15":0,"16":0,"17":0,"18":2,"19":2,"20":0,"21":2,"22":2},"f":{"0":2,"1":2,"2":0,"3":0,"4":0,"5":0,"6":0,"7":2},"b":{"0":[0,0],"1":[0,0],"2":[0,0],"3":[0,2]},"_coverageSchema":"43e27e138ebf9cfc5966b082cf9a028302ed4184","hash":"14748e56b8b1cd14f3096dfe316120209dfcaae1"}
,"/Users/MarissaShieh/Desktop/Hack Reactor/FEC/reviews_module/client/components/PageNavBtns.jsx": {"path":"/Users/MarissaShieh/Desktop/Hack Reactor/FEC/reviews_module/client/components/PageNavBtns.jsx","statementMap":{"0":{"start":{"line":6,"column":51},"end":{"line":6,"column":56}},"1":{"start":{"line":7,"column":21},"end":{"line":13,"column":3}},"2":{"start":{"line":8,"column":4},"end":{"line":12,"column":5}},"3":{"start":{"line":9,"column":6},"end":{"line":9,"column":35}},"4":{"start":{"line":10,"column":11},"end":{"line":12,"column":5}},"5":{"start":{"line":11,"column":6},"end":{"line":11,"column":35}},"6":{"start":{"line":15,"column":16},"end":{"line":15,"column":18}},"7":{"start":{"line":16,"column":2},"end":{"line":22,"column":3}},"8":{"start":{"line":17,"column":4},"end":{"line":21,"column":6}},"9":{"start":{"line":19,"column":90},"end":{"line":19,"column":114}},"10":{"start":{"line":24,"column":17},"end":{"line":24,"column":19}},"11":{"start":{"line":25,"column":2},"end":{"line":31,"column":3}},"12":{"start":{"line":26,"column":4},"end":{"line":30,"column":6}},"13":{"start":{"line":28,"column":91},"end":{"line":28,"column":115}},"14":{"start":{"line":33,"column":2},"end":{"line":39,"column":4}}},"fnMap":{"0":{"name":"BackForthBtn","decl":{"start":{"line":5,"column":9},"end":{"line":5,"column":21}},"loc":{"start":{"line":5,"column":30},"end":{"line":40,"column":1}},"line":5},"1":{"name":"(anonymous_1)","decl":{"start":{"line":7,"column":21},"end":{"line":7,"column":22}},"loc":{"start":{"line":7,"column":38},"end":{"line":13,"column":3}},"line":7},"2":{"name":"(anonymous_2)","decl":{"start":{"line":19,"column":81},"end":{"line":19,"column":82}},"loc":{"start":{"line":19,"column":88},"end":{"line":19,"column":116}},"line":19},"3":{"name":"(anonymous_3)","decl":{"start":{"line":28,"column":82},"end":{"line":28,"column":83}},"loc":{"start":{"line":28,"column":89},"end":{"line":28,"column":117}},"line":28}},"branchMap":{"0":{"loc":{"start":{"line":8,"column":4},"end":{"line":12,"column":5}},"type":"if","locations":[{"start":{"line":8,"column":4},"end":{"line":12,"column":5}},{"start":{"line":8,"column":4},"end":{"line":12,"column":5}}],"line":8},"1":{"loc":{"start":{"line":8,"column":8},"end":{"line":8,"column":56}},"type":"binary-expr","locations":[{"start":{"line":8,"column":8},"end":{"line":8,"column":33}},{"start":{"line":8,"column":37},"end":{"line":8,"column":56}}],"line":8},"2":{"loc":{"start":{"line":10,"column":11},"end":{"line":12,"column":5}},"type":"if","locations":[{"start":{"line":10,"column":11},"end":{"line":12,"column":5}},{"start":{"line":10,"column":11},"end":{"line":12,"column":5}}],"line":10},"3":{"loc":{"start":{"line":10,"column":15},"end":{"line":10,"column":70}},"type":"binary-expr","locations":[{"start":{"line":10,"column":15},"end":{"line":10,"column":41}},{"start":{"line":10,"column":45},"end":{"line":10,"column":70}}],"line":10},"4":{"loc":{"start":{"line":16,"column":2},"end":{"line":22,"column":3}},"type":"if","locations":[{"start":{"line":16,"column":2},"end":{"line":22,"column":3}},{"start":{"line":16,"column":2},"end":{"line":22,"column":3}}],"line":16},"5":{"loc":{"start":{"line":25,"column":2},"end":{"line":31,"column":3}},"type":"if","locations":[{"start":{"line":25,"column":2},"end":{"line":31,"column":3}},{"start":{"line":25,"column":2},"end":{"line":31,"column":3}}],"line":25}},"s":{"0":0,"1":0,"2":0,"3":0,"4":0,"5":0,"6":0,"7":0,"8":0,"9":0,"10":0,"11":0,"12":0,"13":0,"14":0},"f":{"0":0,"1":0,"2":0,"3":0},"b":{"0":[0,0],"1":[0,0],"2":[0,0],"3":[0,0],"4":[0,0],"5":[0,0]},"_coverageSchema":"43e27e138ebf9cfc5966b082cf9a028302ed4184","hash":"5801ba4cfb1e8d44320fddad53e3c8c695d0bfd3"}
,"/Users/MarissaShieh/Desktop/Hack Reactor/FEC/reviews_module/client/components/Pagination.jsx": {"path":"/Users/MarissaShieh/Desktop/Hack Reactor/FEC/reviews_module/client/components/Pagination.jsx","statementMap":{"0":{"start":{"line":7,"column":42},"end":{"line":7,"column":47}},"1":{"start":{"line":8,"column":22},"end":{"line":8,"column":24}},"2":{"start":{"line":10,"column":24},"end":{"line":13,"column":3}},"3":{"start":{"line":11,"column":4},"end":{"line":11,"column":28}},"4":{"start":{"line":12,"column":4},"end":{"line":12,"column":30}},"5":{"start":{"line":15,"column":24},"end":{"line":18,"column":3}},"6":{"start":{"line":16,"column":4},"end":{"line":16,"column":31}},"7":{"start":{"line":17,"column":4},"end":{"line":17,"column":27}},"8":{"start":{"line":20,"column":2},"end":{"line":50,"column":3}},"9":{"start":{"line":21,"column":4},"end":{"line":23,"column":5}},"10":{"start":{"line":21,"column":20},"end":{"line":21,"column":21}},"11":{"start":{"line":22,"column":6},"end":{"line":22,"column":29}},"12":{"start":{"line":24,"column":9},"end":{"line":50,"column":3}},"13":{"start":{"line":25,"column":4},"end":{"line":27,"column":5}},"14":{"start":{"line":25,"column":20},"end":{"line":25,"column":21}},"15":{"start":{"line":26,"column":6},"end":{"line":26,"column":29}},"16":{"start":{"line":28,"column":4},"end":{"line":28,"column":20}},"17":{"start":{"line":29,"column":9},"end":{"line":50,"column":3}},"18":{"start":{"line":30,"column":4},"end":{"line":32,"column":5}},"19":{"start":{"line":30,"column":20},"end":{"line":30,"column":21}},"20":{"start":{"line":31,"column":6},"end":{"line":31,"column":29}},"21":{"start":{"line":33,"column":4},"end":{"line":33,"column":20}},"22":{"start":{"line":34,"column":9},"end":{"line":50,"column":3}},"23":{"start":{"line":35,"column":4},"end":{"line":37,"column":5}},"24":{"start":{"line":35,"column":20},"end":{"line":35,"column":27}},"25":{"start":{"line":36,"column":6},"end":{"line":36,"column":32}},"26":{"start":{"line":38,"column":4},"end":{"line":38,"column":20}},"27":{"start":{"line":39,"column":9},"end":{"line":50,"column":3}},"28":{"start":{"line":40,"column":4},"end":{"line":42,"column":5}},"29":{"start":{"line":40,"column":20},"end":{"line":40,"column":27}},"30":{"start":{"line":41,"column":6},"end":{"line":41,"column":32}},"31":{"start":{"line":43,"column":4},"end":{"line":43,"column":20}},"32":{"start":{"line":45,"column":4},"end":{"line":45,"column":34}},"33":{"start":{"line":46,"column":4},"end":{"line":46,"column":30}},"34":{"start":{"line":47,"column":4},"end":{"line":47,"column":34}},"35":{"start":{"line":48,"column":4},"end":{"line":48,"column":20}},"36":{"start":{"line":49,"column":4},"end":{"line":49,"column":20}},"37":{"start":{"line":51,"column":2},"end":{"line":57,"column":4}},"38":{"start":{"line":54,"column":8},"end":{"line":54,"column":81}}},"fnMap":{"0":{"name":"Pagination","decl":{"start":{"line":6,"column":9},"end":{"line":6,"column":19}},"loc":{"start":{"line":6,"column":27},"end":{"line":58,"column":1}},"line":6},"1":{"name":"(anonymous_1)","decl":{"start":{"line":10,"column":24},"end":{"line":10,"column":25}},"loc":{"start":{"line":10,"column":30},"end":{"line":13,"column":3}},"line":10},"2":{"name":"(anonymous_2)","decl":{"start":{"line":15,"column":24},"end":{"line":15,"column":25}},"loc":{"start":{"line":15,"column":30},"end":{"line":18,"column":3}},"line":15},"3":{"name":"(anonymous_3)","decl":{"start":{"line":53,"column":23},"end":{"line":53,"column":24}},"loc":{"start":{"line":53,"column":33},"end":{"line":55,"column":7}},"line":53}},"branchMap":{"0":{"loc":{"start":{"line":20,"column":2},"end":{"line":50,"column":3}},"type":"if","locations":[{"start":{"line":20,"column":2},"end":{"line":50,"column":3}},{"start":{"line":20,"column":2},"end":{"line":50,"column":3}}],"line":20},"1":{"loc":{"start":{"line":24,"column":9},"end":{"line":50,"column":3}},"type":"if","locations":[{"start":{"line":24,"column":9},"end":{"line":50,"column":3}},{"start":{"line":24,"column":9},"end":{"line":50,"column":3}}],"line":24},"2":{"loc":{"start":{"line":24,"column":13},"end":{"line":24,"column":43}},"type":"binary-expr","locations":[{"start":{"line":24,"column":13},"end":{"line":24,"column":26}},{"start":{"line":24,"column":30},"end":{"line":24,"column":43}}],"line":24},"3":{"loc":{"start":{"line":29,"column":9},"end":{"line":50,"column":3}},"type":"if","locations":[{"start":{"line":29,"column":9},"end":{"line":50,"column":3}},{"start":{"line":29,"column":9},"end":{"line":50,"column":3}}],"line":29},"4":{"loc":{"start":{"line":29,"column":13},"end":{"line":29,"column":43}},"type":"binary-expr","locations":[{"start":{"line":29,"column":13},"end":{"line":29,"column":26}},{"start":{"line":29,"column":30},"end":{"line":29,"column":43}}],"line":29},"5":{"loc":{"start":{"line":34,"column":9},"end":{"line":50,"column":3}},"type":"if","locations":[{"start":{"line":34,"column":9},"end":{"line":50,"column":3}},{"start":{"line":34,"column":9},"end":{"line":50,"column":3}}],"line":34},"6":{"loc":{"start":{"line":34,"column":13},"end":{"line":34,"column":59}},"type":"binary-expr","locations":[{"start":{"line":34,"column":13},"end":{"line":34,"column":36}},{"start":{"line":34,"column":40},"end":{"line":34,"column":59}}],"line":34},"7":{"loc":{"start":{"line":39,"column":9},"end":{"line":50,"column":3}},"type":"if","locations":[{"start":{"line":39,"column":9},"end":{"line":50,"column":3}},{"start":{"line":39,"column":9},"end":{"line":50,"column":3}}],"line":39},"8":{"loc":{"start":{"line":39,"column":13},"end":{"line":39,"column":63}},"type":"binary-expr","locations":[{"start":{"line":39,"column":13},"end":{"line":39,"column":36}},{"start":{"line":39,"column":40},"end":{"line":39,"column":63}}],"line":39}},"s":{"0":0,"1":0,"2":0,"3":0,"4":0,"5":0,"6":0,"7":0,"8":0,"9":0,"10":0,"11":0,"12":0,"13":0,"14":0,"15":0,"16":0,"17":0,"18":0,"19":0,"20":0,"21":0,"22":0,"23":0,"24":0,"25":0,"26":0,"27":0,"28":0,"29":0,"30":0,"31":0,"32":0,"33":0,"34":0,"35":0,"36":0,"37":0,"38":0},"f":{"0":0,"1":0,"2":0,"3":0},"b":{"0":[0,0],"1":[0,0],"2":[0,0],"3":[0,0],"4":[0,0],"5":[0,0],"6":[0,0],"7":[0,0],"8":[0,0]},"_coverageSchema":"43e27e138ebf9cfc5966b082cf9a028302ed4184","hash":"7d3a4401edafcbe37e4c9481e4489441a7cdcf23"}
,"/Users/MarissaShieh/Desktop/Hack Reactor/FEC/reviews_module/client/components/PaginationBtn.jsx": {"path":"/Users/MarissaShieh/Desktop/Hack Reactor/FEC/reviews_module/client/components/PaginationBtn.jsx","statementMap":{"0":{"start":{"line":5,"column":33},"end":{"line":5,"column":38}},"1":{"start":{"line":7,"column":4},"end":{"line":7,"column":18}},"2":{"start":{"line":11,"column":2},"end":{"line":15,"column":3}},"3":{"start":{"line":12,"column":4},"end":{"line":12,"column":63}},"4":{"start":{"line":14,"column":4},"end":{"line":14,"column":152}},"5":{"start":{"line":14,"column":103},"end":{"line":14,"column":129}},"6":{"start":{"line":17,"column":2},"end":{"line":21,"column":4}}},"fnMap":{"0":{"name":"PaginationBtn","decl":{"start":{"line":4,"column":9},"end":{"line":4,"column":22}},"loc":{"start":{"line":4,"column":31},"end":{"line":22,"column":1}},"line":4},"1":{"name":"clickHandler","decl":{"start":{"line":6,"column":11},"end":{"line":6,"column":23}},"loc":{"start":{"line":6,"column":28},"end":{"line":8,"column":3}},"line":6},"2":{"name":"(anonymous_2)","decl":{"start":{"line":14,"column":94},"end":{"line":14,"column":95}},"loc":{"start":{"line":14,"column":101},"end":{"line":14,"column":131}},"line":14}},"branchMap":{"0":{"loc":{"start":{"line":11,"column":2},"end":{"line":15,"column":3}},"type":"if","locations":[{"start":{"line":11,"column":2},"end":{"line":15,"column":3}},{"start":{"line":11,"column":2},"end":{"line":15,"column":3}}],"line":11}},"s":{"0":0,"1":0,"2":0,"3":0,"4":0,"5":0,"6":0},"f":{"0":0,"1":0,"2":0},"b":{"0":[0,0]},"_coverageSchema":"43e27e138ebf9cfc5966b082cf9a028302ed4184","hash":"02951e119c4393756b3ec4667122a3462c51e9e5"}
,"/Users/MarissaShieh/Desktop/Hack Reactor/FEC/reviews_module/client/components/Rating.jsx": {"path":"/Users/MarissaShieh/Desktop/Hack Reactor/FEC/reviews_module/client/components/Rating.jsx","statementMap":{"0":{"start":{"line":5,"column":26},"end":{"line":5,"column":31}},"1":{"start":{"line":6,"column":25},"end":{"line":6,"column":58}},"2":{"start":{"line":7,"column":2},"end":{"line":12,"column":4}}},"fnMap":{"0":{"name":"Rating","decl":{"start":{"line":4,"column":9},"end":{"line":4,"column":15}},"loc":{"start":{"line":4,"column":23},"end":{"line":13,"column":1}},"line":4}},"branchMap":{},"s":{"0":1,"1":1,"2":1},"f":{"0":1},"b":{},"_coverageSchema":"43e27e138ebf9cfc5966b082cf9a028302ed4184","hash":"bf5c0ba97f076e8646d2c75c6efb37fe7608a5ad"}
,"/Users/MarissaShieh/Desktop/Hack Reactor/FEC/reviews_module/client/components/Ratings.jsx": {"path":"/Users/MarissaShieh/Desktop/Hack Reactor/FEC/reviews_module/client/components/Ratings.jsx","statementMap":{"0":{"start":{"line":6,"column":59},"end":{"line":6,"column":64}},"1":{"start":{"line":9,"column":2},"end":{"line":37,"column":3}},"2":{"start":{"line":10,"column":23},"end":{"line":10,"column":37}},"3":{"start":{"line":12,"column":4},"end":{"line":12,"column":76}},"4":{"start":{"line":14,"column":4},"end":{"line":24,"column":7}},"5":{"start":{"line":18,"column":6},"end":{"line":18,"column":42}},"6":{"start":{"line":19,"column":6},"end":{"line":19,"column":52}},"7":{"start":{"line":20,"column":6},"end":{"line":20,"column":48}},"8":{"start":{"line":21,"column":6},"end":{"line":21,"column":42}},"9":{"start":{"line":22,"column":6},"end":{"line":22,"column":41}},"10":{"start":{"line":23,"column":6},"end":{"line":23,"column":36}},"11":{"start":{"line":26,"column":25},"end":{"line":26,"column":92}},"12":{"start":{"line":27,"column":23},"end":{"line":27,"column":52}},"13":{"start":{"line":28,"column":24},"end":{"line":35,"column":5}},"14":{"start":{"line":36,"column":4},"end":{"line":36,"column":41}},"15":{"start":{"line":39,"column":2},"end":{"line":52,"column":4}}},"fnMap":{"0":{"name":"Ratings","decl":{"start":{"line":5,"column":9},"end":{"line":5,"column":16}},"loc":{"start":{"line":5,"column":24},"end":{"line":53,"column":1}},"line":5},"1":{"name":"(anonymous_1)","decl":{"start":{"line":14,"column":20},"end":{"line":14,"column":21}},"loc":{"start":{"line":14,"column":32},"end":{"line":24,"column":5}},"line":14}},"branchMap":{"0":{"loc":{"start":{"line":9,"column":2},"end":{"line":37,"column":3}},"type":"if","locations":[{"start":{"line":9,"column":2},"end":{"line":37,"column":3}},{"start":{"line":9,"column":2},"end":{"line":37,"column":3}}],"line":9},"1":{"loc":{"start":{"line":9,"column":5},"end":{"line":9,"column":40}},"type":"binary-expr","locations":[{"start":{"line":9,"column":5},"end":{"line":9,"column":18}},{"start":{"line":9,"column":22},"end":{"line":9,"column":40}}],"line":9}},"s":{"0":1,"1":1,"2":1,"3":1,"4":1,"5":2,"6":2,"7":2,"8":2,"9":2,"10":2,"11":1,"12":1,"13":1,"14":1,"15":1},"f":{"0":1,"1":2},"b":{"0":[1,0],"1":[1,1]},"_coverageSchema":"43e27e138ebf9cfc5966b082cf9a028302ed4184","hash":"138ecf44a039fce4e6fb7e2a0d82e68d3ab133a8"}
,"/Users/MarissaShieh/Desktop/Hack Reactor/FEC/reviews_module/client/components/Review.jsx": {"path":"/Users/MarissaShieh/Desktop/Hack Reactor/FEC/reviews_module/client/components/Review.jsx","statementMap":{"0":{"start":{"line":8,"column":4},"end":{"line":8,"column":17}},"1":{"start":{"line":9,"column":4},"end":{"line":11,"column":6}},"2":{"start":{"line":15,"column":27},"end":{"line":15,"column":37}},"3":{"start":{"line":16,"column":4},"end":{"line":16,"column":65}},"4":{"start":{"line":20,"column":23},"end":{"line":20,"column":33}},"5":{"start":{"line":21,"column":25},"end":{"line":21,"column":35}},"6":{"start":{"line":23,"column":4},"end":{"line":44,"column":5}},"7":{"start":{"line":24,"column":6},"end":{"line":26,"column":9}},"8":{"start":{"line":25,"column":8},"end":{"line":25,"column":169}},"9":{"start":{"line":27,"column":11},"end":{"line":44,"column":5}},"10":{"start":{"line":28,"column":29},"end":{"line":28,"column":58}},"11":{"start":{"line":29,"column":30},"end":{"line":29,"column":57}},"12":{"start":{"line":30,"column":30},"end":{"line":30,"column":55}},"13":{"start":{"line":32,"column":6},"end":{"line":43,"column":7}},"14":{"start":{"line":33,"column":8},"end":{"line":33,"column":158}},"15":{"start":{"line":34,"column":13},"end":{"line":43,"column":7}},"16":{"start":{"line":35,"column":8},"end":{"line":35,"column":223}},"17":{"start":{"line":35,"column":75},"end":{"line":35,"column":221}},"18":{"start":{"line":37,"column":8},"end":{"line":42,"column":10}},"19":{"start":{"line":40,"column":60},"end":{"line":40,"column":91}},"20":{"start":{"line":46,"column":4},"end":{"line":60,"column":6}}},"fnMap":{"0":{"name":"(anonymous_0)","decl":{"start":{"line":7,"column":2},"end":{"line":7,"column":3}},"loc":{"start":{"line":7,"column":21},"end":{"line":12,"column":3}},"line":7},"1":{"name":"(anonymous_1)","decl":{"start":{"line":14,"column":2},"end":{"line":14,"column":3}},"loc":{"start":{"line":14,"column":29},"end":{"line":17,"column":3}},"line":14},"2":{"name":"(anonymous_2)","decl":{"start":{"line":19,"column":2},"end":{"line":19,"column":3}},"loc":{"start":{"line":19,"column":11},"end":{"line":61,"column":3}},"line":19},"3":{"name":"(anonymous_3)","decl":{"start":{"line":24,"column":54},"end":{"line":24,"column":55}},"loc":{"start":{"line":24,"column":76},"end":{"line":26,"column":7}},"line":24},"4":{"name":"(anonymous_4)","decl":{"start":{"line":35,"column":53},"end":{"line":35,"column":54}},"loc":{"start":{"line":35,"column":75},"end":{"line":35,"column":221}},"line":35},"5":{"name":"(anonymous_5)","decl":{"start":{"line":40,"column":52},"end":{"line":40,"column":53}},"loc":{"start":{"line":40,"column":58},"end":{"line":40,"column":93}},"line":40}},"branchMap":{"0":{"loc":{"start":{"line":23,"column":4},"end":{"line":44,"column":5}},"type":"if","locations":[{"start":{"line":23,"column":4},"end":{"line":44,"column":5}},{"start":{"line":23,"column":4},"end":{"line":44,"column":5}}],"line":23},"1":{"loc":{"start":{"line":27,"column":11},"end":{"line":44,"column":5}},"type":"if","locations":[{"start":{"line":27,"column":11},"end":{"line":44,"column":5}},{"start":{"line":27,"column":11},"end":{"line":44,"column":5}}],"line":27},"2":{"loc":{"start":{"line":32,"column":6},"end":{"line":43,"column":7}},"type":"if","locations":[{"start":{"line":32,"column":6},"end":{"line":43,"column":7}},{"start":{"line":32,"column":6},"end":{"line":43,"column":7}}],"line":32},"3":{"loc":{"start":{"line":32,"column":10},"end":{"line":32,"column":72}},"type":"binary-expr","locations":[{"start":{"line":32,"column":10},"end":{"line":32,"column":37}},{"start":{"line":32,"column":41},"end":{"line":32,"column":72}}],"line":32},"4":{"loc":{"start":{"line":34,"column":13},"end":{"line":43,"column":7}},"type":"if","locations":[{"start":{"line":34,"column":13},"end":{"line":43,"column":7}},{"start":{"line":34,"column":13},"end":{"line":43,"column":7}}],"line":34}},"s":{"0":1,"1":1,"2":1,"3":1,"4":1,"5":1,"6":1,"7":0,"8":0,"9":1,"10":1,"11":1,"12":1,"13":1,"14":1,"15":0,"16":0,"17":0,"18":0,"19":0,"20":0},"f":{"0":1,"1":1,"2":1,"3":0,"4":0,"5":0},"b":{"0":[0,1],"1":[1,0],"2":[1,0],"3":[1,1],"4":[0,0]},"_coverageSchema":"43e27e138ebf9cfc5966b082cf9a028302ed4184","hash":"174bd216776498ac1ad2c4783bd096de73e91105"}
,"/Users/MarissaShieh/Desktop/Hack Reactor/FEC/reviews_module/client/components/Reviews.jsx": {"path":"/Users/MarissaShieh/Desktop/Hack Reactor/FEC/reviews_module/client/components/Reviews.jsx","statementMap":{"0":{"start":{"line":5,"column":59},"end":{"line":5,"column":64}},"1":{"start":{"line":6,"column":27},"end":{"line":6,"column":51}},"2":{"start":{"line":7,"column":28},"end":{"line":7,"column":58}},"3":{"start":{"line":8,"column":26},"end":{"line":8,"column":76}},"4":{"start":{"line":10,"column":2},"end":{"line":16,"column":4}},"5":{"start":{"line":13,"column":8},"end":{"line":13,"column":83}}},"fnMap":{"0":{"name":"Reviews","decl":{"start":{"line":4,"column":9},"end":{"line":4,"column":16}},"loc":{"start":{"line":4,"column":25},"end":{"line":17,"column":1}},"line":4},"1":{"name":"(anonymous_1)","decl":{"start":{"line":12,"column":28},"end":{"line":12,"column":29}},"loc":{"start":{"line":12,"column":40},"end":{"line":14,"column":7}},"line":12}},"branchMap":{},"s":{"0":1,"1":1,"2":1,"3":1,"4":1,"5":0},"f":{"0":1,"1":0},"b":{},"_coverageSchema":"43e27e138ebf9cfc5966b082cf9a028302ed4184","hash":"4c130f609903f2915c4a4dbaad45d7b44aa633e7"}
,"/Users/MarissaShieh/Desktop/Hack Reactor/FEC/reviews_module/client/components/Search.jsx": {"path":"/Users/MarissaShieh/Desktop/Hack Reactor/FEC/reviews_module/client/components/Search.jsx","statementMap":{"0":{"start":{"line":6,"column":4},"end":{"line":6,"column":17}},"1":{"start":{"line":7,"column":4},"end":{"line":9,"column":6}},"2":{"start":{"line":13,"column":38},"end":{"line":13,"column":48}},"3":{"start":{"line":14,"column":27},"end":{"line":14,"column":37}},"4":{"start":{"line":15,"column":4},"end":{"line":15,"column":23}},"5":{"start":{"line":16,"column":23},"end":{"line":18,"column":6}},"6":{"start":{"line":17,"column":6},"end":{"line":17,"column":53}},"7":{"start":{"line":19,"column":4},"end":{"line":19,"column":41}},"8":{"start":{"line":23,"column":4},"end":{"line":25,"column":7}},"9":{"start":{"line":29,"column":29},"end":{"line":29,"column":39}},"10":{"start":{"line":30,"column":4},"end":{"line":32,"column":7}},"11":{"start":{"line":33,"column":4},"end":{"line":33,"column":21}},"12":{"start":{"line":37,"column":27},"end":{"line":37,"column":37}},"13":{"start":{"line":39,"column":4},"end":{"line":45,"column":5}},"14":{"start":{"line":40,"column":6},"end":{"line":44,"column":8}},"15":{"start":{"line":42,"column":52},"end":{"line":42,"column":64}},"16":{"start":{"line":46,"column":4},"end":{"line":54,"column":6}},"17":{"start":{"line":47,"column":31},"end":{"line":47,"column":46}},"18":{"start":{"line":48,"column":104},"end":{"line":48,"column":118}}},"fnMap":{"0":{"name":"(anonymous_0)","decl":{"start":{"line":5,"column":2},"end":{"line":5,"column":3}},"loc":{"start":{"line":5,"column":21},"end":{"line":10,"column":3}},"line":5},"1":{"name":"(anonymous_1)","decl":{"start":{"line":12,"column":2},"end":{"line":12,"column":3}},"loc":{"start":{"line":12,"column":12},"end":{"line":20,"column":3}},"line":12},"2":{"name":"(anonymous_2)","decl":{"start":{"line":16,"column":38},"end":{"line":16,"column":39}},"loc":{"start":{"line":16,"column":50},"end":{"line":18,"column":5}},"line":16},"3":{"name":"(anonymous_3)","decl":{"start":{"line":22,"column":2},"end":{"line":22,"column":3}},"loc":{"start":{"line":22,"column":11},"end":{"line":26,"column":3}},"line":22},"4":{"name":"(anonymous_4)","decl":{"start":{"line":28,"column":2},"end":{"line":28,"column":3}},"loc":{"start":{"line":28,"column":10},"end":{"line":34,"column":3}},"line":28},"5":{"name":"(anonymous_5)","decl":{"start":{"line":36,"column":2},"end":{"line":36,"column":3}},"loc":{"start":{"line":36,"column":11},"end":{"line":55,"column":3}},"line":36},"6":{"name":"(anonymous_6)","decl":{"start":{"line":42,"column":47},"end":{"line":42,"column":48}},"loc":{"start":{"line":42,"column":51},"end":{"line":42,"column":65}},"line":42},"7":{"name":"(anonymous_7)","decl":{"start":{"line":47,"column":22},"end":{"line":47,"column":23}},"loc":{"start":{"line":47,"column":29},"end":{"line":47,"column":48}},"line":47},"8":{"name":"(anonymous_8)","decl":{"start":{"line":48,"column":95},"end":{"line":48,"column":96}},"loc":{"start":{"line":48,"column":102},"end":{"line":48,"column":120}},"line":48}},"branchMap":{"0":{"loc":{"start":{"line":39,"column":4},"end":{"line":45,"column":5}},"type":"if","locations":[{"start":{"line":39,"column":4},"end":{"line":45,"column":5}},{"start":{"line":39,"column":4},"end":{"line":45,"column":5}}],"line":39}},"s":{"0":1,"1":1,"2":0,"3":0,"4":0,"5":0,"6":0,"7":0,"8":0,"9":0,"10":0,"11":0,"12":1,"13":1,"14":0,"15":0,"16":1,"17":0,"18":0},"f":{"0":1,"1":0,"2":0,"3":0,"4":0,"5":1,"6":0,"7":0,"8":0},"b":{"0":[0,1]},"_coverageSchema":"43e27e138ebf9cfc5966b082cf9a028302ed4184","hash":"d176510067a3ab7710f2eefaa0da5a8a07c090d9"}
,"/Users/MarissaShieh/Desktop/Hack Reactor/FEC/reviews_module/client/components/SearchStats.jsx": {"path":"/Users/MarissaShieh/Desktop/Hack Reactor/FEC/reviews_module/client/components/SearchStats.jsx","statementMap":{"0":{"start":{"line":5,"column":34},"end":{"line":5,"column":39}},"1":{"start":{"line":7,"column":22},"end":{"line":9,"column":3}},"2":{"start":{"line":8,"column":4},"end":{"line":8,"column":27}},"3":{"start":{"line":11,"column":2},"end":{"line":16,"column":4}}},"fnMap":{"0":{"name":"SearchStats","decl":{"start":{"line":4,"column":9},"end":{"line":4,"column":20}},"loc":{"start":{"line":4,"column":29},"end":{"line":17,"column":1}},"line":4},"1":{"name":"(anonymous_1)","decl":{"start":{"line":7,"column":22},"end":{"line":7,"column":23}},"loc":{"start":{"line":7,"column":28},"end":{"line":9,"column":3}},"line":7}},"branchMap":{},"s":{"0":1,"1":1,"2":0,"3":1},"f":{"0":1,"1":0},"b":{},"_coverageSchema":"43e27e138ebf9cfc5966b082cf9a028302ed4184","hash":"3b56949bb81a3b17b89602e97d969ba39c384d9a"}
,"/Users/MarissaShieh/Desktop/Hack Reactor/FEC/reviews_module/client/components/TotalReviews.jsx": {"path":"/Users/MarissaShieh/Desktop/Hack Reactor/FEC/reviews_module/client/components/TotalReviews.jsx","statementMap":{"0":{"start":{"line":5,"column":29},"end":{"line":5,"column":34}},"1":{"start":{"line":6,"column":25},"end":{"line":6,"column":58}},"2":{"start":{"line":8,"column":2},"end":{"line":13,"column":4}}},"fnMap":{"0":{"name":"TotalReviews","decl":{"start":{"line":4,"column":9},"end":{"line":4,"column":21}},"loc":{"start":{"line":4,"column":29},"end":{"line":14,"column":1}},"line":4}},"branchMap":{},"s":{"0":1,"1":1,"2":1},"f":{"0":1},"b":{},"_coverageSchema":"43e27e138ebf9cfc5966b082cf9a028302ed4184","hash":"16ef4a1b1dcbe7cdeb22a421a65c6965b9b91260"}
}
