TN:
SF:/Users/MarissaShieh/Desktop/Hack Reactor/FEC/reviews_module/client/components/App.jsx
FN:12,(anonymous_0)
FN:37,(anonymous_1)
FN:45,(anonymous_2)
FN:53,(anonymous_3)
FN:58,(anonymous_4)
FN:66,(anonymous_5)
FN:77,(anonymous_6)
FN:83,(anonymous_7)
FNF:8
FNH:3
FNDA:2,(anonymous_0)
FNDA:2,(anonymous_1)
FNDA:0,(anonymous_2)
FNDA:0,(anonymous_3)
FNDA:0,(anonymous_4)
FNDA:0,(anonymous_5)
FNDA:0,(anonymous_6)
FNDA:2,(anonymous_7)
DA:13,2
DA:14,2
DA:32,2
DA:33,2
DA:34,2
DA:38,2
DA:39,2
DA:40,0
DA:41,0
DA:42,0
DA:44,0
DA:46,0
DA:54,0
DA:59,0
DA:67,0
DA:68,0
DA:69,0
DA:78,0
DA:84,2
DA:86,2
DA:87,0
DA:89,2
DA:92,2
LF:23
LH:11
BRDA:41,0,0,0
BRDA:41,0,1,0
BRDA:41,1,0,0
BRDA:41,1,1,0
BRDA:68,2,0,0
BRDA:68,2,1,0
BRDA:86,3,0,0
BRDA:86,3,1,2
BRF:8
BRH:1
end_of_record
TN:
SF:/Users/MarissaShieh/Desktop/Hack Reactor/FEC/reviews_module/client/components/PageNavBtns.jsx
FN:5,BackForthBtn
FN:7,(anonymous_1)
FN:19,(anonymous_2)
FN:28,(anonymous_3)
FNF:4
FNH:0
FNDA:0,BackForthBtn
FNDA:0,(anonymous_1)
FNDA:0,(anonymous_2)
FNDA:0,(anonymous_3)
DA:6,0
DA:7,0
DA:8,0
DA:9,0
DA:10,0
DA:11,0
DA:15,0
DA:16,0
DA:17,0
DA:19,0
DA:24,0
DA:25,0
DA:26,0
DA:28,0
DA:33,0
LF:15
LH:0
BRDA:8,0,0,0
BRDA:8,0,1,0
BRDA:8,1,0,0
BRDA:8,1,1,0
BRDA:10,2,0,0
BRDA:10,2,1,0
BRDA:10,3,0,0
BRDA:10,3,1,0
BRDA:16,4,0,0
BRDA:16,4,1,0
BRDA:25,5,0,0
BRDA:25,5,1,0
BRF:12
BRH:0
end_of_record
TN:
SF:/Users/MarissaShieh/Desktop/Hack Reactor/FEC/reviews_module/client/components/Pagination.jsx
FN:6,Pagination
FN:10,(anonymous_1)
FN:15,(anonymous_2)
FN:53,(anonymous_3)
FNF:4
FNH:0
FNDA:0,Pagination
FNDA:0,(anonymous_1)
FNDA:0,(anonymous_2)
FNDA:0,(anonymous_3)
DA:7,0
DA:8,0
DA:10,0
DA:11,0
DA:12,0
DA:15,0
DA:16,0
DA:17,0
DA:20,0
DA:21,0
DA:22,0
DA:24,0
DA:25,0
DA:26,0
DA:28,0
DA:29,0
DA:30,0
DA:31,0
DA:33,0
DA:34,0
DA:35,0
DA:36,0
DA:38,0
DA:39,0
DA:40,0
DA:41,0
DA:43,0
DA:45,0
DA:46,0
DA:47,0
DA:48,0
DA:49,0
DA:51,0
DA:54,0
LF:34
LH:0
BRDA:20,0,0,0
BRDA:20,0,1,0
BRDA:24,1,0,0
BRDA:24,1,1,0
BRDA:24,2,0,0
BRDA:24,2,1,0
BRDA:29,3,0,0
BRDA:29,3,1,0
BRDA:29,4,0,0
BRDA:29,4,1,0
BRDA:34,5,0,0
BRDA:34,5,1,0
BRDA:34,6,0,0
BRDA:34,6,1,0
BRDA:39,7,0,0
BRDA:39,7,1,0
BRDA:39,8,0,0
BRDA:39,8,1,0
BRF:18
BRH:0
end_of_record
TN:
SF:/Users/MarissaShieh/Desktop/Hack Reactor/FEC/reviews_module/client/components/PaginationBtn.jsx
FN:4,PaginationBtn
FN:6,clickHandler
FN:14,(anonymous_2)
FNF:3
FNH:0
FNDA:0,PaginationBtn
FNDA:0,clickHandler
FNDA:0,(anonymous_2)
DA:5,0
DA:7,0
DA:11,0
DA:12,0
DA:14,0
DA:17,0
LF:6
LH:0
BRDA:11,0,0,0
BRDA:11,0,1,0
BRF:2
BRH:0
end_of_record
TN:
SF:/Users/MarissaShieh/Desktop/Hack Reactor/FEC/reviews_module/client/components/Rating.jsx
FN:4,Rating
FNF:1
FNH:1
FNDA:1,Rating
DA:5,1
DA:6,1
DA:7,1
LF:3
LH:3
BRF:0
BRH:0
end_of_record
TN:
SF:/Users/MarissaShieh/Desktop/Hack Reactor/FEC/reviews_module/client/components/Ratings.jsx
FN:5,Ratings
FN:14,(anonymous_1)
FNF:2
FNH:2
FNDA:1,Ratings
FNDA:2,(anonymous_1)
DA:6,1
DA:9,1
DA:10,1
DA:12,1
DA:14,1
DA:18,2
DA:19,2
DA:20,2
DA:21,2
DA:22,2
DA:23,2
DA:26,1
DA:27,1
DA:28,1
DA:36,1
DA:39,1
LF:16
LH:16
BRDA:9,0,0,1
BRDA:9,0,1,0
BRDA:9,1,0,1
BRDA:9,1,1,1
BRF:4
BRH:3
end_of_record
TN:
SF:/Users/MarissaShieh/Desktop/Hack Reactor/FEC/reviews_module/client/components/Review.jsx
FN:7,(anonymous_0)
FN:14,(anonymous_1)
FN:19,(anonymous_2)
FN:24,(anonymous_3)
FN:35,(anonymous_4)
FN:40,(anonymous_5)
FNF:6
FNH:3
FNDA:1,(anonymous_0)
FNDA:1,(anonymous_1)
FNDA:1,(anonymous_2)
FNDA:0,(anonymous_3)
FNDA:0,(anonymous_4)
FNDA:0,(anonymous_5)
DA:8,1
DA:9,1
DA:15,1
DA:16,1
DA:20,1
DA:21,1
DA:23,1
DA:24,0
DA:25,0
DA:27,1
DA:28,1
DA:29,1
DA:30,1
DA:32,1
DA:33,1
DA:34,0
DA:35,0
DA:37,0
DA:40,0
DA:46,0
LF:20
LH:13
BRDA:23,0,0,0
BRDA:23,0,1,1
BRDA:27,1,0,1
BRDA:27,1,1,0
BRDA:32,2,0,1
BRDA:32,2,1,0
BRDA:32,3,0,1
BRDA:32,3,1,1
BRDA:34,4,0,0
BRDA:34,4,1,0
BRF:10
BRH:5
end_of_record
TN:
SF:/Users/MarissaShieh/Desktop/Hack Reactor/FEC/reviews_module/client/components/Reviews.jsx
FN:4,Reviews
FN:12,(anonymous_1)
FNF:2
FNH:1
FNDA:1,Reviews
FNDA:0,(anonymous_1)
DA:5,1
DA:6,1
DA:7,1
DA:8,1
DA:10,1
DA:13,0
LF:6
LH:5
BRF:0
BRH:0
end_of_record
TN:
SF:/Users/MarissaShieh/Desktop/Hack Reactor/FEC/reviews_module/client/components/Search.jsx
FN:5,(anonymous_0)
FN:12,(anonymous_1)
FN:16,(anonymous_2)
FN:22,(anonymous_3)
FN:28,(anonymous_4)
FN:36,(anonymous_5)
FN:42,(anonymous_6)
FN:47,(anonymous_7)
FN:48,(anonymous_8)
FNF:9
FNH:2
FNDA:1,(anonymous_0)
FNDA:0,(anonymous_1)
FNDA:0,(anonymous_2)
FNDA:0,(anonymous_3)
FNDA:0,(anonymous_4)
FNDA:1,(anonymous_5)
FNDA:0,(anonymous_6)
FNDA:0,(anonymous_7)
FNDA:0,(anonymous_8)
DA:6,1
DA:7,1
DA:13,0
DA:14,0
DA:15,0
DA:16,0
DA:17,0
DA:19,0
DA:23,0
DA:29,0
DA:30,0
DA:33,0
DA:37,1
DA:39,1
DA:40,0
DA:42,0
DA:46,1
DA:47,0
DA:48,0
LF:19
LH:5
BRDA:39,0,0,0
BRDA:39,0,1,1
BRF:2
BRH:1
end_of_record
TN:
SF:/Users/MarissaShieh/Desktop/Hack Reactor/FEC/reviews_module/client/components/SearchStats.jsx
FN:4,SearchStats
FN:7,(anonymous_1)
FNF:2
FNH:1
FNDA:1,SearchStats
FNDA:0,(anonymous_1)
DA:5,1
DA:7,1
DA:8,0
DA:11,1
LF:4
LH:3
BRF:0
BRH:0
end_of_record
TN:
SF:/Users/MarissaShieh/Desktop/Hack Reactor/FEC/reviews_module/client/components/TotalReviews.jsx
FN:4,TotalReviews
FNF:1
FNH:1
FNDA:1,TotalReviews
DA:5,1
DA:6,1
DA:8,1
LF:3
LH:3
BRF:0
BRH:0
end_of_record
